<?xml version="1.0" encoding="UTF-8"?>
<!-- Generated by org.testng.reporters.JUnitReportReporter -->
<testsuite hostname="LAPPY-SANDY" failures="0" tests="3" name="flow_Control.analaysis" time="0.019" errors="0" timestamp="2020-03-10T19:50:44 IST" skipped="0">
  <testcase classname="flow_Control.analaysis" name="test_analys" time="0.014"/>
  <testcase classname="flow_Control.analaysis" name="test_analy" time="0.002"/>
  <testcase classname="flow_Control.analaysis" name="test_analysis" time="0.003"/>
</testsuite> <!-- flow_Control.analaysis -->
