<?xml version="1.0" encoding="UTF-8"?>
<!-- Generated by org.testng.reporters.JUnitReportReporter -->
<testsuite hostname="LAPPY-SANDY" failures="0" tests="1" name="SuggesterCRM.RobotClas" time="102.310" errors="0" timestamp="2020-03-10T19:39:23 IST" skipped="0">
  <testcase classname="SuggesterCRM.RobotClas" name="testRobotClas" time="102.310"/>
</testsuite> <!-- SuggesterCRM.RobotClas -->
