<?xml version="1.0" encoding="UTF-8"?>
<!-- Generated by org.testng.reporters.JUnitReportReporter -->
<testsuite hostname="LAPPY-SANDY" failures="0" tests="1" name="SuggesterCRM.advXpath" time="43.995" errors="0" timestamp="2020-03-10T19:39:23 IST" skipped="0">
  <testcase classname="SuggesterCRM.advXpath" name="testavXpath" time="43.995"/>
</testsuite> <!-- SuggesterCRM.advXpath -->
