<?xml version="1.0" encoding="UTF-8"?>
<!-- Generated by org.testng.reporters.JUnitReportReporter -->
<testsuite hostname="LAPPY-SANDY" failures="0" tests="1" name="SuggesterCRM.lock_App" time="51.063" errors="0" timestamp="2020-03-10T19:39:23 IST" skipped="0">
  <testcase classname="SuggesterCRM.lock_App" name="testlock_App" time="51.063"/>
</testsuite> <!-- SuggesterCRM.lock_App -->
