<?xml version="1.0" encoding="UTF-8"?>
<!-- Generated by org.testng.reporters.JUnitReportReporter -->
<testsuite hostname="LAPPY-SANDY" failures="0" tests="1" name="DataDrivn.createCustomer" time="23.859" errors="0" timestamp="2020-04-03T00:43:17 IST" skipped="0">
  <testcase classname="DataDrivn.createCustomer" name="testcreateCustomer" time="23.859"/>
  <system-out/>
</testsuite> <!-- DataDrivn.createCustomer -->
