<?xml version="1.0" encoding="UTF-8"?>
<!-- Generated by org.testng.reporters.JUnitReportReporter -->
<testsuite hostname="LAPPY-SANDY" failures="0" tests="1" name="DataDrivn.createProject" time="95.624" errors="0" timestamp="2020-04-03T12:31:52 IST" skipped="0">
  <testcase classname="DataDrivn.createProject" name="testcreateProject" time="95.624"/>
  <system-out/>
</testsuite> <!-- DataDrivn.createProject -->
