<?xml version="1.0" encoding="UTF-8"?>
<!-- Generated by org.testng.reporters.JUnitReportReporter -->
<testsuite hostname="LAPPY-SANDY" failures="0" tests="1" name="DataDriven.CreateCustomer" time="6.300" errors="0" timestamp="2020-04-02T23:23:22 IST" skipped="0">
  <testcase classname="DataDriven.CreateCustomer" name="testCreateCustomer" time="6.300"/>
  <system-out/>
</testsuite> <!-- DataDriven.CreateCustomer -->
