<?xml version="1.0" encoding="UTF-8"?>
<!-- Generated by org.testng.reporters.JUnitReportReporter -->
<testsuite hostname="LAPPY-SANDY" failures="0" tests="1" name="DataDriven.createProject" time="3.055" errors="0" timestamp="2020-04-04T14:24:48 IST" skipped="0">
  <testcase classname="DataDriven.createProject" name="testcreateProject" time="3.055"/>
  <system-out/>
</testsuite> <!-- DataDriven.createProject -->
