<?xml version="1.0" encoding="UTF-8"?>
<!-- Generated by org.testng.reporters.JUnitReportReporter -->
<testsuite hostname="LAPPY-SANDY" failures="0" tests="1" name="Apploye.screenshot" time="40.324" errors="0" timestamp="2020-03-10T19:14:29 IST" skipped="0">
  <testcase classname="Apploye.screenshot" name="testscreenshot" time="40.324"/>
</testsuite> <!-- Apploye.screenshot -->
