<?xml version="1.0" encoding="UTF-8"?>
<!-- Generated by org.testng.reporters.JUnitReportReporter -->
<testsuite hostname="LAPPY-SANDY" failures="0" tests="1" name="Apploye.createAddOrganisation" time="27.522" errors="0" timestamp="2020-04-04T18:45:51 IST" skipped="0">
  <testcase classname="Apploye.createAddOrganisation" name="testcreateAddOrganisation" time="27.522"/>
  <system-out/>
</testsuite> <!-- Apploye.createAddOrganisation -->
