<?xml version="1.0" encoding="UTF-8"?>
<!-- Generated by org.testng.reporters.JUnitReportReporter -->
<testsuite hostname="LAPPY-SANDY" failures="0" tests="1" name="Apploye.Project_creation" time="49.658" errors="0" timestamp="2020-04-04T18:53:14 IST" skipped="0">
  <testcase classname="Apploye.Project_creation" name="testProject_creation" time="49.658"/>
  <system-out/>
</testsuite> <!-- Apploye.Project_creation -->
