<?xml version="1.0" encoding="UTF-8"?>
<!-- Generated by org.testng.reporters.JUnitReportReporter -->
<testsuite hostname="LAPPY-SANDY" failures="0" tests="1" name="Apploye.RobotClass" time="70.717" errors="0" timestamp="2020-03-10T19:14:28 IST" skipped="0">
  <testcase classname="Apploye.RobotClass" name="testRobotClass" time="70.717"/>
</testsuite> <!-- Apploye.RobotClass -->
